d:\programming\sdl-base\sdl-base\debug\vc142.pdb
d:\programming\sdl-base\sdl-base\debug\vc142.idb
d:\programming\sdl-base\sdl-base\debug\imgui_sdl.obj
d:\programming\sdl-base\sdl-base\debug\imgui_draw.obj
d:\programming\sdl-base\sdl-base\debug\imgui_demo.obj
d:\programming\sdl-base\sdl-base\debug\imgui.obj
d:\programming\sdl-base\sdl-base\debug\imgui_impl_sdl.obj
d:\programming\sdl-base\sdl-base\debug\gamescreenmanager.obj
d:\programming\sdl-base\sdl-base\debug\gamescreenlevel2.obj
d:\programming\sdl-base\sdl-base\debug\gamescreenlevel1.obj
d:\programming\sdl-base\sdl-base\debug\gamescreen.obj
d:\programming\sdl-base\sdl-base\debug\gameover.obj
d:\programming\sdl-base\sdl-base\debug\gamemanager.obj
d:\programming\sdl-base\sdl-base\debug\debug.obj
d:\programming\sdl-base\sdl-base\debug\dataparser.obj
d:\programming\sdl-base\sdl-base\debug\collisions.obj
d:\programming\sdl-base\sdl-base\debug\coin.obj
d:\programming\sdl-base\sdl-base\debug\charactermario.obj
d:\programming\sdl-base\sdl-base\debug\characterluigi.obj
d:\programming\sdl-base\sdl-base\debug\characterkoopa.obj
d:\programming\sdl-base\sdl-base\debug\character.obj
d:\programming\sdl-base\sdl-base\debug\audioclip.obj
d:\programming\sdl-base\sdl-base\debug\winscreen.obj
d:\programming\sdl-base\sdl-base\debug\titlescreen.obj
d:\programming\sdl-base\sdl-base\debug\texture2d.obj
d:\programming\sdl-base\sdl-base\debug\textrenderer.obj
d:\programming\sdl-base\sdl-base\debug\powblock.obj
d:\programming\sdl-base\sdl-base\debug\levelmaps.obj
d:\programming\sdl-base\sdl-base\debug\imgui_widgets.obj
d:\programming\sdl-base\sdl-base\debug\imgui_tables.obj
d:\programming\sdl-base\sdl-base\debug\main.obj
d:\programming\sdl-base\debug\sdl-base.ilk
d:\programming\sdl-base\debug\sdl-base.exe
d:\programming\sdl-base\debug\sdl-base.pdb
d:\programming\sdl-base\sdl-base\debug\sdl-base.tlog\cl.command.1.tlog
d:\programming\sdl-base\sdl-base\debug\sdl-base.tlog\cl.read.1.tlog
d:\programming\sdl-base\sdl-base\debug\sdl-base.tlog\cl.write.1.tlog
d:\programming\sdl-base\sdl-base\debug\sdl-base.tlog\link.command.1.tlog
d:\programming\sdl-base\sdl-base\debug\sdl-base.tlog\link.read.1.tlog
d:\programming\sdl-base\sdl-base\debug\sdl-base.tlog\link.write.1.tlog
